<?xml version="1.0" encoding="UTF-8"?>
<!-- Generated by org.testng.reporters.JUnitReportReporter -->
<testsuite hostname="NSK-DT-LEN-1" failures="0" tests="1" name="testCases.LoginTest_01" time="0.023" errors="0" timestamp="2024-10-25T18:33:21 IST" skipped="0">
  <testcase classname="testCases.LoginTest_01" name="getTitle" time="0.023"/>
  <system-out/>
</testsuite> <!-- testCases.LoginTest_01 -->
