<?xml version="1.0" encoding="UTF-8"?>
<!-- Generated by org.testng.reporters.JUnitReportReporter -->
<testsuite hostname="NSK-DT-LEN-1" failures="0" tests="7" name="testCases.OrderProduct_Test02" time="1.442" errors="0" timestamp="2024-10-25T18:33:21 IST" skipped="0">
  <testcase classname="testCases.OrderProduct_Test02" name="selectDropdown" time="1.150"/>
  <system-out/>
  <testcase classname="testCases.OrderProduct_Test02" name="addProductToCart" time="0.001"/>
  <system-out/>
  <testcase classname="testCases.OrderProduct_Test02" name="clickonCart" time="0.035"/>
  <system-out/>
  <testcase classname="testCases.OrderProduct_Test02" name="checkout" time="0.039"/>
  <system-out/>
  <testcase classname="testCases.OrderProduct_Test02" name="information" time="0.166"/>
  <system-out/>
  <testcase classname="testCases.OrderProduct_Test02" name="paymentInform" time="0.019"/>
  <system-out/>
  <testcase classname="testCases.OrderProduct_Test02" name="finish" time="0.032"/>
  <system-out/>
</testsuite> <!-- testCases.OrderProduct_Test02 -->
